[ 2017-04-08T22:01:48+08:00 ] ::1 /onethink/index.php?s=/Home/Article/detail/id/1.html
SQL: SHOW COLUMNS FROM `think_document` [ RunTime:0.002252s ]
SQL: SELECT `id`,`uid`,`name`,`title`,`category_id`,`description`,`root`,`pid`,`model_id`,`type`,`position`,`link_id`,`cover_id`,`display`,`deadline`,`attach`,`view`,`comment`,`extend`,`level`,`create_time`,`update_time`,`status` FROM `think_document` WHERE ( `id` = 1 ) LIMIT 1   [ RunTime:0.000367s ]
SQL: SHOW COLUMNS FROM `think_model` [ RunTime:0.001562s ]
SQL: SELECT `id`,`name`,`title`,`extend`,`relation`,`need_pk`,`field_sort`,`field_group`,`attribute_list`,`template_list`,`template_add`,`template_edit`,`list_grid`,`list_row`,`search_key`,`search_list`,`create_time`,`update_time`,`status`,`engine_type` FROM `think_model` WHERE ( `status` = 1 ) AND ( `extend` = 1 )  [ RunTime:0.000320s ]
SQL: SHOW COLUMNS FROM `think_document_article` [ RunTime:0.001295s ]
SQL: SELECT `id`,`parse`,`content`,`template`,`bookmark` FROM `think_document_article` WHERE ( `id` = 1 ) LIMIT 1   [ RunTime:0.000370s ]
SQL: SHOW COLUMNS FROM `think_category` [ RunTime:0.001818s ]
SQL: SELECT `id`,`name`,`title`,`pid`,`sort`,`list_row`,`meta_title`,`keywords`,`description`,`template_index`,`template_lists`,`template_detail`,`template_edit`,`model`,`type`,`link_id`,`allow_publish`,`display`,`reply`,`check`,`reply_model`,`extend`,`create_time`,`update_time`,`status`,`icon` FROM `think_category` WHERE ( `id` = 2 ) LIMIT 1   [ RunTime:0.000344s ]
SQL: UPDATE `think_document` SET `view`=view+1 WHERE ( `id` = 1 ) [ RunTime:0.000212s ]
INFO: [ view_parse ] --START--
INFO: [ template_filter ] --START--
INFO: Run Behavior\ContentReplace [ RunTime:0.000090s ]
INFO: [ template_filter ] --END-- [ RunTime:0.000168s ]
SQL: SHOW COLUMNS FROM `think_channel` [ RunTime:0.001358s ]
SQL: SELECT `id`,`pid`,`title`,`url`,`sort`,`create_time`,`update_time`,`status`,`target` FROM `think_channel` WHERE ( status=1 ) ORDER BY sort  [ RunTime:0.000307s ]
NOTIC: [2] mysqli::mysqli(): (HY000/1049): Unknown database 'onethink' /Applications/MAMP/htdocs/onethink/ThinkPHP/Library/Think/Db/Driver/Mysqli.class.php 第 45 行.
ERR: Unknown database 'onethink'

[ 2017-04-08T22:07:47+08:00 ] ::1 /onethink/index.php?s=/Home/Article/detail/id/1.html
SQL: SHOW COLUMNS FROM `think_document` [ RunTime:0.003069s ]
SQL: SELECT `id`,`uid`,`name`,`title`,`category_id`,`description`,`root`,`pid`,`model_id`,`type`,`position`,`link_id`,`cover_id`,`display`,`deadline`,`attach`,`view`,`comment`,`extend`,`level`,`create_time`,`update_time`,`status` FROM `think_document` WHERE ( `id` = 1 ) LIMIT 1   [ RunTime:0.000319s ]
SQL: SHOW COLUMNS FROM `think_document_article` [ RunTime:0.001222s ]
SQL: SELECT `id`,`parse`,`content`,`template`,`bookmark` FROM `think_document_article` WHERE ( `id` = 1 ) LIMIT 1   [ RunTime:0.000238s ]
SQL: SHOW COLUMNS FROM `think_category` [ RunTime:0.002031s ]
SQL: SELECT `id`,`name`,`title`,`pid`,`sort`,`list_row`,`meta_title`,`keywords`,`description`,`template_index`,`template_lists`,`template_detail`,`template_edit`,`model`,`type`,`link_id`,`allow_publish`,`display`,`reply`,`check`,`reply_model`,`extend`,`create_time`,`update_time`,`status`,`icon` FROM `think_category` WHERE ( `id` = 2 ) LIMIT 1   [ RunTime:0.000383s ]
SQL: UPDATE `think_document` SET `view`=view+1 WHERE ( `id` = 1 ) [ RunTime:0.000207s ]
INFO: [ view_parse ] --START--
INFO: [ template_filter ] --START--
INFO: Run Behavior\ContentReplace [ RunTime:0.000081s ]
INFO: [ template_filter ] --END-- [ RunTime:0.000155s ]
SQL: SHOW COLUMNS FROM `think_channel` [ RunTime:0.001111s ]
SQL: SELECT `id`,`pid`,`title`,`url`,`sort`,`create_time`,`update_time`,`status`,`target` FROM `think_channel` WHERE ( status=1 ) ORDER BY sort  [ RunTime:0.000217s ]
NOTIC: [2] mysqli::mysqli(): (HY000/1049): Unknown database 'onethink' /Applications/MAMP/htdocs/onethink/ThinkPHP/Library/Think/Db/Driver/Mysqli.class.php 第 44 行.
ERR: Unknown database 'onethink'

[ 2017-04-08T22:09:10+08:00 ] ::1 /onethink/index.php?s=/Home/Article/detail/id/1.html
ERR: Unknown database 'onethink'

[ 2017-04-08T22:09:12+08:00 ] ::1 /onethink/index.php?s=/Home/Article/detail/id/1.html
ERR: Unknown database 'onethink'

[ 2017-04-08T22:09:14+08:00 ] ::1 /onethink/index.php?s=/Home/Article/detail/id/1.html
ERR: Unknown database 'onethink'

[ 2017-04-08T22:09:40+08:00 ] ::1 /onethink/index.php
ERR: Unknown database 'onethink'

[ 2017-04-08T22:09:40+08:00 ] ::1 /onethink/index.php
ERR: Unknown database 'onethink'

[ 2017-04-08T22:12:20+08:00 ] ::1 /onethink/index.php
ERR: Unknown database 'onethink'

[ 2017-04-08T22:13:22+08:00 ] ::1 /onethink/index.php
ERR: Unknown database 'onethink'

[ 2017-04-08T22:13:24+08:00 ] ::1 /onethink/index.php
ERR: Unknown database 'onethink'

[ 2017-04-08T22:14:29+08:00 ] ::1 /onethink/index.php
SQL: SHOW COLUMNS FROM `think_category` [ RunTime:0.001611s ]
SQL: SELECT `id`,`name`,`title`,`pid`,`sort`,`list_row`,`meta_title`,`keywords`,`description`,`template_index`,`template_lists`,`template_detail`,`template_edit`,`model`,`type`,`link_id`,`allow_publish`,`display`,`reply`,`check`,`reply_model`,`extend`,`create_time`,`update_time`,`status`,`icon` FROM `think_category` WHERE ( `status` = 1 ) ORDER BY sort  [ RunTime:0.000304s ]
SQL: SHOW COLUMNS FROM `think_document` [ RunTime:0.001505s ]
SQL: SELECT `id`,`uid`,`name`,`title`,`category_id`,`description`,`root`,`pid`,`model_id`,`type`,`position`,`link_id`,`cover_id`,`display`,`deadline`,`attach`,`view`,`comment`,`extend`,`level`,`create_time`,`update_time`,`status` FROM `think_document` WHERE ( `status` = 1 ) AND ( `pid` = 0 ) AND ( `create_time` < 1491660869 ) AND ( deadline = 0 OR deadline > 1491660869 ) ORDER BY `id` DESC  [ RunTime:0.000314s ]
INFO: [ view_parse ] --START--
INFO: [ template_filter ] --START--
INFO: Run Behavior\ContentReplace [ RunTime:0.000134s ]
INFO: [ template_filter ] --END-- [ RunTime:0.000226s ]
SQL: SHOW COLUMNS FROM `think_channel` [ RunTime:0.001168s ]
SQL: SELECT `id`,`pid`,`title`,`url`,`sort`,`create_time`,`update_time`,`status`,`target` FROM `think_channel` WHERE ( status=1 ) ORDER BY sort  [ RunTime:0.000270s ]
SQL: SELECT `id`,`name`,`title`,`pid`,`sort`,`list_row`,`meta_title`,`keywords`,`description`,`template_index`,`template_lists`,`template_detail`,`template_edit`,`model`,`type`,`link_id`,`allow_publish`,`display`,`reply`,`check`,`reply_model`,`extend`,`create_time`,`update_time`,`status`,`icon` FROM `think_category` WHERE ( `id` = 1 ) LIMIT 1   [ RunTime:0.000312s ]
SQL: SELECT `id`,`name`,`pid`,`title`,`link_id` FROM `think_category` WHERE ( `status` = 1 ) ORDER BY sort  [ RunTime:0.000263s ]
INFO: [ view_parse ] --START--
INFO: [ template_filter ] --START--
INFO: Run Behavior\ContentReplace [ RunTime:0.000043s ]
INFO: [ template_filter ] --END-- [ RunTime:-0.011111s ]
INFO: Run Behavior\ParseTemplate [ RunTime:0.004084s ]
INFO: [ view_parse ] --END-- [ RunTime:0.004152s ]
INFO: [ view_filter ] --START--
INFO: Run Behavior\WriteHtmlCache [ RunTime:0.000535s ]
INFO: [ view_filter ] --END-- [ RunTime:0.000612s ]
SQL: SELECT `id`,`name`,`title`,`pid`,`sort`,`list_row`,`meta_title`,`keywords`,`description`,`template_index`,`template_lists`,`template_detail`,`template_edit`,`model`,`type`,`link_id`,`allow_publish`,`display`,`reply`,`check`,`reply_model`,`extend`,`create_time`,`update_time`,`status`,`icon` FROM `think_category` WHERE ( `id` = 1 ) LIMIT 1   [ RunTime:0.000385s ]
SQL: SELECT `id`,`name`,`pid`,`title`,`link_id` FROM `think_category` WHERE ( `status` = 1 ) ORDER BY sort  [ RunTime:0.000274s ]
SQL: SELECT `id`,`uid`,`name`,`title`,`category_id`,`description`,`root`,`pid`,`model_id`,`type`,`position`,`link_id`,`cover_id`,`display`,`deadline`,`attach`,`view`,`comment`,`extend`,`level`,`create_time`,`update_time`,`status` FROM `think_document` WHERE ( `status` = 1 ) AND ( `pid` = 0 ) AND ( `category_id` = 2 ) AND ( `create_time` < 1491660869 ) AND ( deadline = 0 OR deadline > 1491660869 ) ORDER BY `level` DESC,`id` DESC LIMIT 0,10   [ RunTime:0.000261s ]
INFO: Run Behavior\ParseTemplate [ RunTime:0.008272s ]
INFO: [ view_parse ] --END-- [ RunTime:0.004152s ]
INFO: [ view_filter ] --START--
INFO: Run Behavior\WriteHtmlCache [ RunTime:0.000016s ]
INFO: [ view_filter ] --END-- [ RunTime:-0.003598s ]
INFO: [ app_end ] --START--
INFO: Run Behavior\ShowPageTrace [ RunTime:0.001099s ]
INFO: [ app_end ] --END-- [ RunTime:0.001190s ]

[ 2017-04-08T22:15:18+08:00 ] ::1 /onethink/index.php?s=/Home/User/login.html
INFO: [ view_parse ] --START--
INFO: [ template_filter ] --START--
INFO: Run Behavior\ContentReplace [ RunTime:0.000082s ]
INFO: [ template_filter ] --END-- [ RunTime:0.000167s ]
SQL: SHOW COLUMNS FROM `think_channel` [ RunTime:0.001151s ]
SQL: SELECT `id`,`pid`,`title`,`url`,`sort`,`create_time`,`update_time`,`status`,`target` FROM `think_channel` WHERE ( status=1 ) ORDER BY sort  [ RunTime:0.000266s ]
INFO: Run Behavior\ParseTemplate [ RunTime:0.021660s ]
INFO: [ view_parse ] --END-- [ RunTime:0.022423s ]
INFO: [ view_filter ] --START--
INFO: Run Behavior\WriteHtmlCache [ RunTime:0.000554s ]
INFO: [ view_filter ] --END-- [ RunTime:0.000636s ]
INFO: [ app_end ] --START--
INFO: Run Behavior\ShowPageTrace [ RunTime:0.000992s ]
INFO: [ app_end ] --END-- [ RunTime:0.001086s ]

[ 2017-04-08T22:15:18+08:00 ] ::1 /onethink/index.php?s=/Home/User/verify.html
INFO: [ app_end ] --START--
INFO: Run Behavior\ShowPageTrace [ RunTime:0.000777s ]
INFO: [ app_end ] --END-- [ RunTime:0.001579s ]

[ 2017-04-08T22:15:28+08:00 ] ::1 /onethink/index.php?s=/Admin/Public/login.html
INFO: [ view_parse ] --START--
INFO: [ template_filter ] --START--
INFO: Run Behavior\ContentReplace [ RunTime:0.000107s ]
INFO: [ template_filter ] --END-- [ RunTime:0.000232s ]
INFO: Run Behavior\ParseTemplate [ RunTime:0.013501s ]
INFO: [ view_parse ] --END-- [ RunTime:0.014160s ]
INFO: [ view_filter ] --START--
INFO: Run Behavior\WriteHtmlCache [ RunTime:0.000206s ]
INFO: [ view_filter ] --END-- [ RunTime:0.000283s ]
INFO: [ app_end ] --START--
INFO: Run Behavior\ShowPageTrace [ RunTime:0.000892s ]
INFO: [ app_end ] --END-- [ RunTime:0.001021s ]

[ 2017-04-08T22:15:39+08:00 ] ::1 /onethink/index.php?s=/Admin/Public/login.html
INFO: [ app_begin ] --START--
INFO: Run Behavior\ReadHtmlCache [ RunTime:0.000445s ]
INFO: [ app_begin ] --END-- [ RunTime:0.000801s ]
NOTIC: [2] mysqli::mysqli(): (HY000/1049): Unknown database 'onethink' /Applications/MAMP/htdocs/onethink/ThinkPHP/Library/Think/Db/Driver/Mysqli.class.php 第 44 行.
ERR: Unknown database 'onethink'

[ 2017-04-08T22:15:41+08:00 ] ::1 /onethink/index.php?s=/Admin/Public/login.html
INFO: [ app_begin ] --START--
INFO: Run Behavior\ReadHtmlCache [ RunTime:0.000555s ]
INFO: [ app_begin ] --END-- [ RunTime:0.000996s ]

[ 2017-04-08T22:15:46+08:00 ] ::1 /onethink/index.php?s=/Home/User/verify.html
INFO: [ app_end ] --START--
INFO: Run Behavior\ShowPageTrace [ RunTime:0.000774s ]
INFO: [ app_end ] --END-- [ RunTime:0.001362s ]

[ 2017-04-08T22:15:48+08:00 ] ::1 /onethink/index.php?s=/Home/Index/index.html
SQL: SHOW COLUMNS FROM `think_category` [ RunTime:0.001612s ]
SQL: SELECT `id`,`name`,`title`,`pid`,`sort`,`list_row`,`meta_title`,`keywords`,`description`,`template_index`,`template_lists`,`template_detail`,`template_edit`,`model`,`type`,`link_id`,`allow_publish`,`display`,`reply`,`check`,`reply_model`,`extend`,`create_time`,`update_time`,`status`,`icon` FROM `think_category` WHERE ( `status` = 1 ) ORDER BY sort  [ RunTime:0.000332s ]
SQL: SHOW COLUMNS FROM `think_document` [ RunTime:0.001582s ]
SQL: SELECT `id`,`uid`,`name`,`title`,`category_id`,`description`,`root`,`pid`,`model_id`,`type`,`position`,`link_id`,`cover_id`,`display`,`deadline`,`attach`,`view`,`comment`,`extend`,`level`,`create_time`,`update_time`,`status` FROM `think_document` WHERE ( `status` = 1 ) AND ( `pid` = 0 ) AND ( `create_time` < 1491660948 ) AND ( deadline = 0 OR deadline > 1491660948 ) ORDER BY `id` DESC  [ RunTime:0.000355s ]
INFO: [ view_parse ] --START--
INFO: [ template_filter ] --START--
INFO: Run Behavior\ContentReplace [ RunTime:0.000112s ]
INFO: [ template_filter ] --END-- [ RunTime:0.000217s ]
SQL: SHOW COLUMNS FROM `think_channel` [ RunTime:0.001270s ]
SQL: SELECT `id`,`pid`,`title`,`url`,`sort`,`create_time`,`update_time`,`status`,`target` FROM `think_channel` WHERE ( status=1 ) ORDER BY sort  [ RunTime:0.000259s ]
SQL: SELECT `id`,`name`,`title`,`pid`,`sort`,`list_row`,`meta_title`,`keywords`,`description`,`template_index`,`template_lists`,`template_detail`,`template_edit`,`model`,`type`,`link_id`,`allow_publish`,`display`,`reply`,`check`,`reply_model`,`extend`,`create_time`,`update_time`,`status`,`icon` FROM `think_category` WHERE ( `id` = 1 ) LIMIT 1   [ RunTime:0.000324s ]
SQL: SELECT `id`,`name`,`pid`,`title`,`link_id` FROM `think_category` WHERE ( `status` = 1 ) ORDER BY sort  [ RunTime:0.000217s ]
INFO: [ view_parse ] --START--
INFO: [ template_filter ] --START--
INFO: Run Behavior\ContentReplace [ RunTime:0.000047s ]
INFO: [ template_filter ] --END-- [ RunTime:-0.011438s ]
INFO: Run Behavior\ParseTemplate [ RunTime:0.004156s ]
INFO: [ view_parse ] --END-- [ RunTime:0.004226s ]
INFO: [ view_filter ] --START--
INFO: Run Behavior\WriteHtmlCache [ RunTime:0.000148s ]
INFO: [ view_filter ] --END-- [ RunTime:0.000199s ]
SQL: SELECT `id`,`name`,`title`,`pid`,`sort`,`list_row`,`meta_title`,`keywords`,`description`,`template_index`,`template_lists`,`template_detail`,`template_edit`,`model`,`type`,`link_id`,`allow_publish`,`display`,`reply`,`check`,`reply_model`,`extend`,`create_time`,`update_time`,`status`,`icon` FROM `think_category` WHERE ( `id` = 1 ) LIMIT 1   [ RunTime:0.000332s ]
SQL: SELECT `id`,`name`,`pid`,`title`,`link_id` FROM `think_category` WHERE ( `status` = 1 ) ORDER BY sort  [ RunTime:0.000311s ]
SQL: SELECT `id`,`uid`,`name`,`title`,`category_id`,`description`,`root`,`pid`,`model_id`,`type`,`position`,`link_id`,`cover_id`,`display`,`deadline`,`attach`,`view`,`comment`,`extend`,`level`,`create_time`,`update_time`,`status` FROM `think_document` WHERE ( `status` = 1 ) AND ( `pid` = 0 ) AND ( `category_id` = 2 ) AND ( `create_time` < 1491660948 ) AND ( deadline = 0 OR deadline > 1491660948 ) ORDER BY `level` DESC,`id` DESC LIMIT 0,10   [ RunTime:0.000244s ]
INFO: Run Behavior\ParseTemplate [ RunTime:0.007769s ]
INFO: [ view_parse ] --END-- [ RunTime:0.004226s ]
INFO: [ view_filter ] --START--
INFO: Run Behavior\WriteHtmlCache [ RunTime:0.000017s ]
INFO: [ view_filter ] --END-- [ RunTime:-0.003438s ]
INFO: [ app_end ] --START--
INFO: Run Behavior\ShowPageTrace [ RunTime:0.000698s ]
INFO: [ app_end ] --END-- [ RunTime:0.000763s ]

[ 2017-04-08T22:15:50+08:00 ] ::1 /onethink/index.php?s=/Home/Article/detail/id/1.html
SQL: SHOW COLUMNS FROM `think_document` [ RunTime:0.001570s ]
SQL: SELECT `id`,`uid`,`name`,`title`,`category_id`,`description`,`root`,`pid`,`model_id`,`type`,`position`,`link_id`,`cover_id`,`display`,`deadline`,`attach`,`view`,`comment`,`extend`,`level`,`create_time`,`update_time`,`status` FROM `think_document` WHERE ( `id` = 1 ) LIMIT 1   [ RunTime:0.000270s ]
SQL: SHOW COLUMNS FROM `think_document_article` [ RunTime:0.001038s ]
SQL: SELECT `id`,`parse`,`content`,`template`,`bookmark` FROM `think_document_article` WHERE ( `id` = 1 ) LIMIT 1   [ RunTime:0.000292s ]
SQL: SHOW COLUMNS FROM `think_category` [ RunTime:0.001679s ]
SQL: SELECT `id`,`name`,`title`,`pid`,`sort`,`list_row`,`meta_title`,`keywords`,`description`,`template_index`,`template_lists`,`template_detail`,`template_edit`,`model`,`type`,`link_id`,`allow_publish`,`display`,`reply`,`check`,`reply_model`,`extend`,`create_time`,`update_time`,`status`,`icon` FROM `think_category` WHERE ( `id` = 2 ) LIMIT 1   [ RunTime:0.000260s ]
SQL: UPDATE `think_document` SET `view`=view+1 WHERE ( `id` = 1 ) [ RunTime:0.000225s ]
INFO: [ view_parse ] --START--
INFO: [ template_filter ] --START--
INFO: Run Behavior\ContentReplace [ RunTime:0.000071s ]
INFO: [ template_filter ] --END-- [ RunTime:0.000145s ]
SQL: SHOW COLUMNS FROM `think_channel` [ RunTime:0.001162s ]
SQL: SELECT `id`,`pid`,`title`,`url`,`sort`,`create_time`,`update_time`,`status`,`target` FROM `think_channel` WHERE ( status=1 ) ORDER BY sort  [ RunTime:0.000300s ]
SQL: SELECT `id`,`uid`,`name`,`title`,`category_id`,`description`,`root`,`pid`,`model_id`,`type`,`position`,`link_id`,`cover_id`,`display`,`deadline`,`attach`,`view`,`comment`,`extend`,`level`,`create_time`,`update_time`,`status` FROM `think_document` WHERE ( `id` < '1' ) AND ( `pid` = 0 ) AND ( `category_id` = 2 ) AND ( `status` = 1 ) ORDER BY id DESC LIMIT 1   [ RunTime:0.000311s ]
SQL: SELECT `id`,`uid`,`name`,`title`,`category_id`,`description`,`root`,`pid`,`model_id`,`type`,`position`,`link_id`,`cover_id`,`display`,`deadline`,`attach`,`view`,`comment`,`extend`,`level`,`create_time`,`update_time`,`status` FROM `think_document` WHERE ( `id` > '1' ) AND ( `pid` = 0 ) AND ( `category_id` = 2 ) AND ( `status` = 1 ) ORDER BY id LIMIT 1   [ RunTime:0.000392s ]
SQL: SELECT `pid` FROM `think_category` WHERE ( `id` = 2 ) LIMIT 1   [ RunTime:0.000203s ]
SQL: SELECT `id`,`name`,`pid`,`title`,`link_id` FROM `think_category` WHERE ( `pid` = 1 ) AND ( `status` = 1 ) ORDER BY sort  [ RunTime:0.000221s ]
INFO: [ view_parse ] --START--
INFO: [ template_filter ] --START--
INFO: Run Behavior\ContentReplace [ RunTime:0.000043s ]
INFO: [ template_filter ] --END-- [ RunTime:-0.010305s ]
INFO: Run Behavior\ParseTemplate [ RunTime:0.003543s ]
INFO: [ view_parse ] --END-- [ RunTime:0.003616s ]
INFO: [ view_filter ] --START--
INFO: Run Behavior\WriteHtmlCache [ RunTime:0.000134s ]
INFO: [ view_filter ] --END-- [ RunTime:0.000186s ]
INFO: [ documentDetailAfter ] --START--
SQL: SHOW COLUMNS FROM `think_attachment` [ RunTime:0.001371s ]
SQL: SELECT `id`,`uid`,`title`,`type`,`source`,`record_id`,`download`,`size`,`dir`,`sort`,`create_time`,`update_time`,`status` FROM `think_attachment` WHERE ( `record_id` = 1 ) AND ( `status` = 1 )  [ RunTime:0.000225s ]
INFO: Run Attachment [ RunTime:0.005607s ]
SQL: SHOW COLUMNS FROM `think_addons` [ RunTime:0.001230s ]
SQL: SELECT `config` FROM `think_addons` WHERE ( `name` = 'SocialComment' ) AND ( `status` = 1 ) LIMIT 1   [ RunTime:0.000227s ]
INFO: [ view_parse ] --START--
INFO: [ template_filter ] --START--
INFO: Run Behavior\ContentReplace [ RunTime:0.000052s ]
INFO: [ template_filter ] --END-- [ RunTime:-0.022716s ]
NOTIC: [8] Undefined variable: addons /Applications/MAMP/htdocs/onethink/Runtime/Cache/Home/58bd718024fb066be57959b1979e41a4.php 第 3 行.
INFO: Run Behavior\ParseTemplate [ RunTime:0.004066s ]
INFO: [ view_parse ] --END-- [ RunTime:-0.008718s ]
INFO: [ view_filter ] --START--
INFO: Run Behavior\WriteHtmlCache [ RunTime:0.000015s ]
INFO: [ view_filter ] --END-- [ RunTime:-0.012690s ]
INFO: Run SocialComment [ RunTime:0.007059s ]
INFO: [ documentDetailAfter ] --END-- [ RunTime:0.012758s ]
INFO: Run Behavior\ParseTemplate [ RunTime:0.004364s ]
INFO: [ view_parse ] --END-- [ RunTime:-0.008718s ]
INFO: [ view_filter ] --START--
INFO: Run Behavior\WriteHtmlCache [ RunTime:0.000011s ]
INFO: [ view_filter ] --END-- [ RunTime:-0.012963s ]
INFO: [ app_end ] --START--
INFO: Run Behavior\ShowPageTrace [ RunTime:0.000765s ]
INFO: [ app_end ] --END-- [ RunTime:0.000886s ]

[ 2017-04-08T22:15:56+08:00 ] ::1 /onethink/index.php?s=/Home/User/login.html
INFO: [ view_parse ] --START--
INFO: [ template_filter ] --START--
INFO: Run Behavior\ContentReplace [ RunTime:0.000087s ]
INFO: [ template_filter ] --END-- [ RunTime:0.000166s ]
SQL: SHOW COLUMNS FROM `think_channel` [ RunTime:0.001296s ]
SQL: SELECT `id`,`pid`,`title`,`url`,`sort`,`create_time`,`update_time`,`status`,`target` FROM `think_channel` WHERE ( status=1 ) ORDER BY sort  [ RunTime:0.000406s ]
INFO: Run Behavior\ParseTemplate [ RunTime:0.019110s ]
INFO: [ view_parse ] --END-- [ RunTime:0.019652s ]
INFO: [ view_filter ] --START--
INFO: Run Behavior\WriteHtmlCache [ RunTime:0.000234s ]
INFO: [ view_filter ] --END-- [ RunTime:0.000298s ]
INFO: [ app_end ] --START--
INFO: Run Behavior\ShowPageTrace [ RunTime:0.000594s ]
INFO: [ app_end ] --END-- [ RunTime:0.000664s ]

[ 2017-04-08T22:15:56+08:00 ] ::1 /onethink/index.php?s=/Home/User/verify.html
INFO: [ app_end ] --START--
INFO: Run Behavior\ShowPageTrace [ RunTime:0.000854s ]
INFO: [ app_end ] --END-- [ RunTime:0.001511s ]

[ 2017-04-08T22:19:21+08:00 ] ::1 /onethink/index.php?s=/Home/User/login.html
INFO: [ view_parse ] --START--
INFO: [ template_filter ] --START--
INFO: Run Behavior\ContentReplace [ RunTime:0.000145s ]
INFO: [ template_filter ] --END-- [ RunTime:0.000315s ]
SQL: SHOW COLUMNS FROM `think_channel` [ RunTime:0.001881s ]
SQL: SELECT `id`,`pid`,`title`,`url`,`sort`,`create_time`,`update_time`,`status`,`target` FROM `think_channel` WHERE ( status=1 ) ORDER BY sort  [ RunTime:0.000269s ]
INFO: Run Behavior\ParseTemplate [ RunTime:0.021608s ]
INFO: [ view_parse ] --END-- [ RunTime:0.022076s ]
INFO: [ view_filter ] --START--
INFO: Run Behavior\WriteHtmlCache [ RunTime:0.000209s ]
INFO: [ view_filter ] --END-- [ RunTime:0.000268s ]
INFO: [ app_end ] --START--
INFO: Run Behavior\ShowPageTrace [ RunTime:0.000539s ]
INFO: [ app_end ] --END-- [ RunTime:0.000605s ]

[ 2017-04-08T22:19:21+08:00 ] ::1 /onethink/index.php?s=/Home/User/verify.html
INFO: [ app_end ] --START--
INFO: Run Behavior\ShowPageTrace [ RunTime:0.000564s ]
INFO: [ app_end ] --END-- [ RunTime:0.001237s ]

[ 2017-04-08T22:19:48+08:00 ] ::1 /onethink/index.php?s=/Home/User/login.html
INFO: [ view_parse ] --START--
INFO: [ template_filter ] --START--
INFO: Run Behavior\ContentReplace [ RunTime:0.000179s ]
INFO: [ template_filter ] --END-- [ RunTime:0.000302s ]
SQL: SHOW COLUMNS FROM `think_channel` [ RunTime:0.001500s ]
SQL: SELECT `id`,`pid`,`title`,`url`,`sort`,`create_time`,`update_time`,`status`,`target` FROM `think_channel` WHERE ( status=1 ) ORDER BY sort  [ RunTime:0.000279s ]
INFO: Run Behavior\ParseTemplate [ RunTime:0.025830s ]
INFO: [ view_parse ] --END-- [ RunTime:0.026646s ]
INFO: [ view_filter ] --START--
INFO: Run Behavior\WriteHtmlCache [ RunTime:0.000544s ]
INFO: [ view_filter ] --END-- [ RunTime:0.000628s ]
INFO: [ app_end ] --START--
INFO: Run Behavior\ShowPageTrace [ RunTime:0.001071s ]
INFO: [ app_end ] --END-- [ RunTime:0.001163s ]

[ 2017-04-08T22:19:48+08:00 ] ::1 /onethink/index.php?s=/Home/User/verify.html
INFO: [ app_end ] --START--
INFO: Run Behavior\ShowPageTrace [ RunTime:0.000873s ]
INFO: [ app_end ] --END-- [ RunTime:0.001632s ]

[ 2017-04-08T22:20:00+08:00 ] ::1 /onethink/index.php?s=/Home/User/login.html
INFO: [ app_begin ] --START--
INFO: Run Behavior\ReadHtmlCache [ RunTime:0.000861s ]
INFO: [ app_begin ] --END-- [ RunTime:0.001974s ]
SQL: SHOW COLUMNS FROM `think_config` [ RunTime:0.003370s ]
SQL: SELECT `type`,`name`,`value` FROM `think_config` WHERE ( `status` = 1 )  [ RunTime:0.000441s ]

[ 2017-04-08T22:20:00+08:00 ] ::1 /onethink/index.php?s=/Home/User/verify.html&random=0.16427087211983493
INFO: [ app_end ] --START--
INFO: Run Behavior\ShowPageTrace [ RunTime:0.001593s ]
INFO: [ app_end ] --END-- [ RunTime:0.002221s ]

[ 2017-04-08T22:20:10+08:00 ] ::1 /onethink/index.php?s=/home/index/index.html
SQL: SHOW COLUMNS FROM `think_category` [ RunTime:0.003834s ]
SQL: SELECT `id`,`name`,`title`,`pid`,`sort`,`list_row`,`meta_title`,`keywords`,`description`,`template_index`,`template_lists`,`template_detail`,`template_edit`,`model`,`type`,`link_id`,`allow_publish`,`display`,`reply`,`check`,`reply_model`,`extend`,`create_time`,`update_time`,`status`,`icon` FROM `think_category` WHERE ( `status` = 1 ) ORDER BY sort  [ RunTime:0.000345s ]
SQL: SHOW COLUMNS FROM `think_document` [ RunTime:0.001622s ]
SQL: SELECT `id`,`uid`,`name`,`title`,`category_id`,`description`,`root`,`pid`,`model_id`,`type`,`position`,`link_id`,`cover_id`,`display`,`deadline`,`attach`,`view`,`comment`,`extend`,`level`,`create_time`,`update_time`,`status` FROM `think_document` WHERE ( `status` = 1 ) AND ( `pid` = 0 ) AND ( `create_time` < 1491661210 ) AND ( deadline = 0 OR deadline > 1491661210 ) ORDER BY `id` DESC  [ RunTime:0.000271s ]
INFO: [ view_parse ] --START--
INFO: [ template_filter ] --START--
INFO: Run Behavior\ContentReplace [ RunTime:0.000095s ]
INFO: [ template_filter ] --END-- [ RunTime:0.000183s ]
SQL: SHOW COLUMNS FROM `think_channel` [ RunTime:0.001293s ]
SQL: SELECT `id`,`pid`,`title`,`url`,`sort`,`create_time`,`update_time`,`status`,`target` FROM `think_channel` WHERE ( status=1 ) ORDER BY sort  [ RunTime:0.000304s ]
SQL: SELECT `id`,`name`,`title`,`pid`,`sort`,`list_row`,`meta_title`,`keywords`,`description`,`template_index`,`template_lists`,`template_detail`,`template_edit`,`model`,`type`,`link_id`,`allow_publish`,`display`,`reply`,`check`,`reply_model`,`extend`,`create_time`,`update_time`,`status`,`icon` FROM `think_category` WHERE ( `id` = 1 ) LIMIT 1   [ RunTime:0.000325s ]
SQL: SELECT `id`,`name`,`pid`,`title`,`link_id` FROM `think_category` WHERE ( `status` = 1 ) ORDER BY sort  [ RunTime:0.000225s ]
INFO: [ view_parse ] --START--
INFO: [ template_filter ] --START--
INFO: Run Behavior\ContentReplace [ RunTime:0.000042s ]
INFO: [ template_filter ] --END-- [ RunTime:-0.011610s ]
INFO: Run Behavior\ParseTemplate [ RunTime:0.003930s ]
INFO: [ view_parse ] --END-- [ RunTime:0.003998s ]
INFO: [ view_filter ] --START--
INFO: Run Behavior\WriteHtmlCache [ RunTime:0.000134s ]
INFO: [ view_filter ] --END-- [ RunTime:0.000187s ]
SQL: SELECT `id`,`name`,`title`,`pid`,`sort`,`list_row`,`meta_title`,`keywords`,`description`,`template_index`,`template_lists`,`template_detail`,`template_edit`,`model`,`type`,`link_id`,`allow_publish`,`display`,`reply`,`check`,`reply_model`,`extend`,`create_time`,`update_time`,`status`,`icon` FROM `think_category` WHERE ( `id` = 1 ) LIMIT 1   [ RunTime:0.000441s ]
SQL: SELECT `id`,`name`,`pid`,`title`,`link_id` FROM `think_category` WHERE ( `status` = 1 ) ORDER BY sort  [ RunTime:0.000230s ]
SQL: SELECT `id`,`uid`,`name`,`title`,`category_id`,`description`,`root`,`pid`,`model_id`,`type`,`position`,`link_id`,`cover_id`,`display`,`deadline`,`attach`,`view`,`comment`,`extend`,`level`,`create_time`,`update_time`,`status` FROM `think_document` WHERE ( `status` = 1 ) AND ( `pid` = 0 ) AND ( `category_id` = 2 ) AND ( `create_time` < 1491661210 ) AND ( deadline = 0 OR deadline > 1491661210 ) ORDER BY `level` DESC,`id` DESC LIMIT 0,10   [ RunTime:0.000277s ]
INFO: Run Behavior\ParseTemplate [ RunTime:0.007648s ]
INFO: [ view_parse ] --END-- [ RunTime:0.003998s ]
INFO: [ view_filter ] --START--
INFO: Run Behavior\WriteHtmlCache [ RunTime:0.000016s ]
INFO: [ view_filter ] --END-- [ RunTime:-0.003556s ]
INFO: [ app_end ] --START--
INFO: Run Behavior\ShowPageTrace [ RunTime:0.000623s ]
INFO: [ app_end ] --END-- [ RunTime:0.000680s ]

[ 2017-04-08T22:20:14+08:00 ] ::1 /onethink/index.php?s=/Home/User/login.html
INFO: [ view_parse ] --START--
INFO: [ template_filter ] --START--
INFO: Run Behavior\ContentReplace [ RunTime:0.000082s ]
INFO: [ template_filter ] --END-- [ RunTime:0.000168s ]
SQL: SHOW COLUMNS FROM `think_channel` [ RunTime:0.001320s ]
SQL: SELECT `id`,`pid`,`title`,`url`,`sort`,`create_time`,`update_time`,`status`,`target` FROM `think_channel` WHERE ( status=1 ) ORDER BY sort  [ RunTime:0.000268s ]
INFO: Run Behavior\ParseTemplate [ RunTime:0.018553s ]
INFO: [ view_parse ] --END-- [ RunTime:0.019011s ]
INFO: [ view_filter ] --START--
INFO: Run Behavior\WriteHtmlCache [ RunTime:0.000209s ]
INFO: [ view_filter ] --END-- [ RunTime:0.000274s ]
INFO: [ app_end ] --START--
INFO: Run Behavior\ShowPageTrace [ RunTime:0.000578s ]
INFO: [ app_end ] --END-- [ RunTime:0.000645s ]

[ 2017-04-08T22:20:14+08:00 ] ::1 /onethink/index.php?s=/Home/User/verify.html
INFO: [ app_end ] --START--
INFO: Run Behavior\ShowPageTrace [ RunTime:0.003245s ]
INFO: [ app_end ] --END-- [ RunTime:0.004965s ]

[ 2017-04-08T22:20:22+08:00 ] ::1 /onethink/index.php?s=/Home/Index/index.html
SQL: SHOW COLUMNS FROM `think_category` [ RunTime:0.002241s ]
SQL: SELECT `id`,`name`,`title`,`pid`,`sort`,`list_row`,`meta_title`,`keywords`,`description`,`template_index`,`template_lists`,`template_detail`,`template_edit`,`model`,`type`,`link_id`,`allow_publish`,`display`,`reply`,`check`,`reply_model`,`extend`,`create_time`,`update_time`,`status`,`icon` FROM `think_category` WHERE ( `status` = 1 ) ORDER BY sort  [ RunTime:0.000344s ]
SQL: SHOW COLUMNS FROM `think_document` [ RunTime:0.001900s ]
SQL: SELECT `id`,`uid`,`name`,`title`,`category_id`,`description`,`root`,`pid`,`model_id`,`type`,`position`,`link_id`,`cover_id`,`display`,`deadline`,`attach`,`view`,`comment`,`extend`,`level`,`create_time`,`update_time`,`status` FROM `think_document` WHERE ( `status` = 1 ) AND ( `pid` = 0 ) AND ( `create_time` < 1491661222 ) AND ( deadline = 0 OR deadline > 1491661222 ) ORDER BY `id` DESC  [ RunTime:0.000339s ]
INFO: [ view_parse ] --START--
INFO: [ template_filter ] --START--
INFO: Run Behavior\ContentReplace [ RunTime:0.000096s ]
INFO: [ template_filter ] --END-- [ RunTime:0.000193s ]
SQL: SHOW COLUMNS FROM `think_channel` [ RunTime:0.001199s ]
SQL: SELECT `id`,`pid`,`title`,`url`,`sort`,`create_time`,`update_time`,`status`,`target` FROM `think_channel` WHERE ( status=1 ) ORDER BY sort  [ RunTime:0.000277s ]
SQL: SELECT `id`,`name`,`title`,`pid`,`sort`,`list_row`,`meta_title`,`keywords`,`description`,`template_index`,`template_lists`,`template_detail`,`template_edit`,`model`,`type`,`link_id`,`allow_publish`,`display`,`reply`,`check`,`reply_model`,`extend`,`create_time`,`update_time`,`status`,`icon` FROM `think_category` WHERE ( `id` = 1 ) LIMIT 1   [ RunTime:0.000295s ]
SQL: SELECT `id`,`name`,`pid`,`title`,`link_id` FROM `think_category` WHERE ( `status` = 1 ) ORDER BY sort  [ RunTime:0.000212s ]
INFO: [ view_parse ] --START--
INFO: [ template_filter ] --START--
INFO: Run Behavior\ContentReplace [ RunTime:0.000045s ]
INFO: [ template_filter ] --END-- [ RunTime:-0.009967s ]
INFO: Run Behavior\ParseTemplate [ RunTime:0.004184s ]
INFO: [ view_parse ] --END-- [ RunTime:0.004252s ]
INFO: [ view_filter ] --START--
INFO: Run Behavior\WriteHtmlCache [ RunTime:0.000145s ]
INFO: [ view_filter ] --END-- [ RunTime:0.000198s ]
SQL: SELECT `id`,`name`,`title`,`pid`,`sort`,`list_row`,`meta_title`,`keywords`,`description`,`template_index`,`template_lists`,`template_detail`,`template_edit`,`model`,`type`,`link_id`,`allow_publish`,`display`,`reply`,`check`,`reply_model`,`extend`,`create_time`,`update_time`,`status`,`icon` FROM `think_category` WHERE ( `id` = 1 ) LIMIT 1   [ RunTime:0.000290s ]
SQL: SELECT `id`,`name`,`pid`,`title`,`link_id` FROM `think_category` WHERE ( `status` = 1 ) ORDER BY sort  [ RunTime:0.000182s ]
SQL: SELECT `id`,`uid`,`name`,`title`,`category_id`,`description`,`root`,`pid`,`model_id`,`type`,`position`,`link_id`,`cover_id`,`display`,`deadline`,`attach`,`view`,`comment`,`extend`,`level`,`create_time`,`update_time`,`status` FROM `think_document` WHERE ( `status` = 1 ) AND ( `pid` = 0 ) AND ( `category_id` = 2 ) AND ( `create_time` < 1491661222 ) AND ( deadline = 0 OR deadline > 1491661222 ) ORDER BY `level` DESC,`id` DESC LIMIT 0,10   [ RunTime:0.000224s ]
INFO: Run Behavior\ParseTemplate [ RunTime:0.007172s ]
INFO: [ view_parse ] --END-- [ RunTime:0.004252s ]
INFO: [ view_filter ] --START--
INFO: Run Behavior\WriteHtmlCache [ RunTime:0.000014s ]
INFO: [ view_filter ] --END-- [ RunTime:-0.002795s ]
INFO: [ app_end ] --START--
INFO: Run Behavior\ShowPageTrace [ RunTime:0.000552s ]
INFO: [ app_end ] --END-- [ RunTime:0.000609s ]

[ 2017-04-08T22:20:30+08:00 ] ::1 /onethink/index.php?s=/Admin/Public/login.html
INFO: [ view_parse ] --START--
INFO: [ template_filter ] --START--
INFO: Run Behavior\ContentReplace [ RunTime:0.000060s ]
INFO: [ template_filter ] --END-- [ RunTime:0.000136s ]
INFO: Run Behavior\ParseTemplate [ RunTime:0.009084s ]
INFO: [ view_parse ] --END-- [ RunTime:0.009638s ]
INFO: [ view_filter ] --START--
INFO: Run Behavior\WriteHtmlCache [ RunTime:0.000227s ]
INFO: [ view_filter ] --END-- [ RunTime:0.000324s ]
INFO: [ app_end ] --START--
INFO: Run Behavior\ShowPageTrace [ RunTime:0.000886s ]
INFO: [ app_end ] --END-- [ RunTime:0.000994s ]

[ 2017-04-08T22:20:52+08:00 ] ::1 /onethink/index.php?s=/Admin/Public/login.html
INFO: [ app_begin ] --START--
INFO: Run Behavior\ReadHtmlCache [ RunTime:0.000973s ]
INFO: [ app_begin ] --END-- [ RunTime:0.001759s ]
NOTIC: [2] mysqli::mysqli(): (HY000/1049): Unknown database 'onethink' /Applications/MAMP/htdocs/onethink/ThinkPHP/Library/Think/Db/Driver/Mysqli.class.php 第 44 行.
ERR: Unknown database 'onethink'

[ 2017-04-08T22:20:55+08:00 ] ::1 /onethink/index.php?s=/Admin/Public/login.html
INFO: [ app_begin ] --START--
INFO: Run Behavior\ReadHtmlCache [ RunTime:0.000536s ]
INFO: [ app_begin ] --END-- [ RunTime:0.001003s ]
NOTIC: [2] mysqli::mysqli(): (HY000/1049): Unknown database 'onethink' /Applications/MAMP/htdocs/onethink/ThinkPHP/Library/Think/Db/Driver/Mysqli.class.php 第 44 行.
ERR: Unknown database 'onethink'

[ 2017-04-08T22:20:56+08:00 ] ::1 /onethink/index.php?s=/Admin/Public/login.html
INFO: [ app_begin ] --START--
INFO: Run Behavior\ReadHtmlCache [ RunTime:0.000436s ]
INFO: [ app_begin ] --END-- [ RunTime:0.000783s ]
NOTIC: [2] mysqli::mysqli(): (HY000/1049): Unknown database 'onethink' /Applications/MAMP/htdocs/onethink/ThinkPHP/Library/Think/Db/Driver/Mysqli.class.php 第 44 行.
ERR: Unknown database 'onethink'

[ 2017-04-08T22:21:26+08:00 ] ::1 /onethink/index.php?s=/Home/User/login.html
INFO: [ view_parse ] --START--
INFO: [ template_filter ] --START--
INFO: Run Behavior\ContentReplace [ RunTime:0.000083s ]
INFO: [ template_filter ] --END-- [ RunTime:0.000166s ]
SQL: SHOW COLUMNS FROM `think_channel` [ RunTime:0.001261s ]
SQL: SELECT `id`,`pid`,`title`,`url`,`sort`,`create_time`,`update_time`,`status`,`target` FROM `think_channel` WHERE ( status=1 ) ORDER BY sort  [ RunTime:0.000263s ]
INFO: Run Behavior\ParseTemplate [ RunTime:0.025761s ]
INFO: [ view_parse ] --END-- [ RunTime:0.026573s ]
INFO: [ view_filter ] --START--
INFO: Run Behavior\WriteHtmlCache [ RunTime:0.000565s ]
INFO: [ view_filter ] --END-- [ RunTime:0.000658s ]
INFO: [ app_end ] --START--
INFO: Run Behavior\ShowPageTrace [ RunTime:0.001093s ]
INFO: [ app_end ] --END-- [ RunTime:0.001193s ]

[ 2017-04-08T22:21:27+08:00 ] ::1 /onethink/index.php?s=/Home/User/verify.html
INFO: [ app_end ] --START--
INFO: Run Behavior\ShowPageTrace [ RunTime:0.000710s ]
INFO: [ app_end ] --END-- [ RunTime:0.001332s ]

[ 2017-04-08T22:21:39+08:00 ] ::1 /onethink/index.php?s=/Home/User/login.html
INFO: [ app_begin ] --START--
INFO: Run Behavior\ReadHtmlCache [ RunTime:0.000597s ]
INFO: [ app_begin ] --END-- [ RunTime:0.001991s ]
SQL: SHOW COLUMNS FROM `think_config` [ RunTime:0.003738s ]
SQL: SELECT `type`,`name`,`value` FROM `think_config` WHERE ( `status` = 1 )  [ RunTime:0.000397s ]

[ 2017-04-08T22:21:39+08:00 ] ::1 /onethink/index.php?s=/Home/User/verify.html&random=0.484833897948556
INFO: [ app_end ] --START--
INFO: Run Behavior\ShowPageTrace [ RunTime:0.000840s ]
INFO: [ app_end ] --END-- [ RunTime:0.001679s ]

[ 2017-04-08T22:21:42+08:00 ] ::1 /onethink/index.php?s=/Home/User/login.html
INFO: [ app_begin ] --START--
INFO: Run Behavior\ReadHtmlCache [ RunTime:0.000485s ]
INFO: [ app_begin ] --END-- [ RunTime:0.000840s ]
SQL: SHOW COLUMNS FROM `think_config` [ RunTime:0.001920s ]
SQL: SELECT `type`,`name`,`value` FROM `think_config` WHERE ( `status` = 1 )  [ RunTime:0.000286s ]

[ 2017-04-08T22:21:42+08:00 ] ::1 /onethink/index.php?s=/Home/User/verify.html&random=0.9046326050367042
INFO: [ app_end ] --START--
INFO: Run Behavior\ShowPageTrace [ RunTime:0.000584s ]
INFO: [ app_end ] --END-- [ RunTime:0.001061s ]

[ 2017-04-08T22:22:02+08:00 ] ::1 /onethink/index.php?s=/Admin/Public/login.html
INFO: [ view_parse ] --START--
INFO: [ template_filter ] --START--
INFO: Run Behavior\ContentReplace [ RunTime:0.000066s ]
INFO: [ template_filter ] --END-- [ RunTime:0.000156s ]
INFO: Run Behavior\ParseTemplate [ RunTime:0.012210s ]
INFO: [ view_parse ] --END-- [ RunTime:0.012858s ]
INFO: [ view_filter ] --START--
INFO: Run Behavior\WriteHtmlCache [ RunTime:0.000424s ]
INFO: [ view_filter ] --END-- [ RunTime:0.000508s ]
INFO: [ app_end ] --START--
INFO: Run Behavior\ShowPageTrace [ RunTime:0.000585s ]
INFO: [ app_end ] --END-- [ RunTime:0.000657s ]

[ 2017-04-08T22:22:05+08:00 ] ::1 /onethink/index.php?s=/Admin/Public/login.html
INFO: [ app_begin ] --START--
INFO: Run Behavior\ReadHtmlCache [ RunTime:0.000460s ]
INFO: [ app_begin ] --END-- [ RunTime:0.000803s ]

[ 2017-04-08T22:22:06+08:00 ] ::1 /onethink/index.php?s=/Admin/Public/login.html
INFO: [ app_begin ] --START--
INFO: Run Behavior\ReadHtmlCache [ RunTime:0.000413s ]
INFO: [ app_begin ] --END-- [ RunTime:0.000733s ]

[ 2017-04-08T22:22:07+08:00 ] ::1 /onethink/index.php?s=/Admin/Public/login.html
INFO: [ app_begin ] --START--
INFO: Run Behavior\ReadHtmlCache [ RunTime:0.000496s ]
INFO: [ app_begin ] --END-- [ RunTime:0.000814s ]

[ 2017-04-08T22:24:11+08:00 ] ::1 /onethink/index.php?s=/Admin/Public/login.html
INFO: [ app_begin ] --START--
INFO: Run Behavior\ReadHtmlCache [ RunTime:0.000905s ]
INFO: [ app_begin ] --END-- [ RunTime:0.002111s ]

[ 2017-04-08T22:24:12+08:00 ] ::1 /onethink/index.php?s=/Admin/Public/login.html
INFO: [ app_begin ] --START--
INFO: Run Behavior\ReadHtmlCache [ RunTime:0.000528s ]
INFO: [ app_begin ] --END-- [ RunTime:0.001212s ]

[ 2017-04-08T22:24:21+08:00 ] ::1 /onethink/index.php?s=/Admin/Public/login.html
INFO: [ app_begin ] --START--
INFO: Run Behavior\ReadHtmlCache [ RunTime:0.000569s ]
INFO: [ app_begin ] --END-- [ RunTime:0.000987s ]

[ 2017-04-08T22:24:42+08:00 ] ::1 /onethink/index.php?s=/Admin/Public/login.html
INFO: [ app_begin ] --START--
INFO: Run Behavior\ReadHtmlCache [ RunTime:0.001162s ]
INFO: [ app_begin ] --END-- [ RunTime:0.002622s ]
NOTIC: [2] mysqli::mysqli(): (HY000/1049): Unknown database 'onethink' /Applications/MAMP/htdocs/onethink/ThinkPHP/Library/Think/Db/Driver/Mysqli.class.php 第 44 行.
ERR: Unknown database 'onethink'

